2022.12.03 18:47:31 INFO  tracing is disabled for protocol LSP, to enable tracing of incoming and outgoing JSON messages create an empty file at /home/kotenoru/Personal/aoc-22/.metals/lsp.trace.json or /home/kotenoru/.cache/metals/lsp.trace.json[0m
2022.12.03 18:47:31 INFO  logging to file /home/kotenoru/Personal/aoc-22/.metals/metals.log[0m
2022.12.03 18:47:31 INFO  Started: Metals version 0.11.9 in workspace '/home/kotenoru/Personal/aoc-22' for client Visual Studio Code 1.72.2.[0m
2022.12.03 18:47:33 INFO  time: initialize in 1.55s[0m
2022.12.03 18:47:35 WARN  Build server is not auto-connectable.[0m
2022.12.03 18:47:37 WARN  no build target for: /home/kotenoru/Personal/aoc-22/src/main/scala/example/Hello.scala[0m
2022.12.03 18:47:41 INFO  no build target found for /home/kotenoru/Personal/aoc-22/src/main/scala/example/Hello.scala. Using presentation compiler with project's scala-library version: 3.2.0[0m
2022.12.03 18:47:42 WARN  no build target for: /home/kotenoru/Personal/aoc-22/src/main/scala/aoc/Hello.scala[0m
2022.12.03 18:47:42 ERROR text document: file:///home/kotenoru/Personal/aoc-22/src/main/scala/example/Hello.scalajava.nio.file.NoSuchFileException: /home/kotenoru/Personal/aoc-22/src/main/scala/example/Hello.scala
	at sun.nio.fs.UnixException.translateToIOException(UnixException.java:92)
	at sun.nio.fs.UnixException.rethrowAsIOException(UnixException.java:111)
	at sun.nio.fs.UnixException.rethrowAsIOException(UnixException.java:116)
	at sun.nio.fs.UnixFileSystemProvider.newByteChannel(UnixFileSystemProvider.java:219)
	at java.nio.file.Files.newByteChannel(Files.java:371)
	at java.nio.file.Files.newByteChannel(Files.java:422)
	at java.nio.file.Files.readAllBytes(Files.java:3206)
	at scala.meta.internal.io.PlatformFileIO$.slurp(PlatformFileIO.scala:45)
	at scala.meta.internal.io.FileIO$.slurp(FileIO.scala:24)
	at scala.meta.internal.metals.InteractiveSemanticdbs.$anonfun$textDocument$2(InteractiveSemanticdbs.scala:90)
	at scala.Option.getOrElse(Option.scala:201)
	at scala.meta.internal.metals.InteractiveSemanticdbs.$anonfun$textDocument$1(InteractiveSemanticdbs.scala:90)
	at java.util.HashMap.compute(HashMap.java:1228)
	at java.util.Collections$SynchronizedMap.compute(Collections.java:2692)
	at scala.meta.internal.metals.InteractiveSemanticdbs.textDocument(InteractiveSemanticdbs.scala:89)
	at scala.meta.internal.metals.InteractiveSemanticdbs.textDocument(InteractiveSemanticdbs.scala:63)
	at scala.meta.internal.metals.AggregateSemanticdbs.loop$1(AggregateSemanticdbs.scala:30)
	at scala.meta.internal.metals.AggregateSemanticdbs.textDocument(AggregateSemanticdbs.scala:36)
	at scala.meta.internal.metals.CodeLensProvider.findLenses(CodeLensProvider.scala:22)
	at scala.meta.internal.metals.MetalsLanguageServer.$anonfun$codeLens$2(MetalsLanguageServer.scala:1744)
	at scala.meta.internal.metals.TimerProvider.timedThunk(TimerProvider.scala:25)
	at scala.meta.internal.metals.MetalsLanguageServer.$anonfun$codeLens$1(MetalsLanguageServer.scala:1742)
	at scala.meta.internal.metals.CancelTokens$.$anonfun$apply$2(CancelTokens.scala:26)
	at scala.concurrent.Future$.$anonfun$apply$1(Future.scala:678)
	at scala.concurrent.impl.Promise$Transformation.run(Promise.scala:467)
	at java.util.concurrent.ThreadPoolExecutor.runWorker(ThreadPoolExecutor.java:1128)
	at java.util.concurrent.ThreadPoolExecutor$Worker.run(ThreadPoolExecutor.java:628)
	at java.lang.Thread.run(Thread.java:829)
[0m
2022.12.03 18:47:42 INFO  time: code lens generation in 4.2s[0m
2022.12.03 18:47:45 WARN  no build target for: /home/kotenoru/Personal/aoc-22/src/main/scala/aoc/Hello.scala[0m
2022.12.03 18:47:49 WARN  no build target for: /home/kotenoru/Personal/aoc-22/src/main/scala/aoc/Day1.scala[0m
2022.12.03 18:47:56 WARN  no build target for: /home/kotenoru/Personal/aoc-22/src/test/scala/aoc/HelloSpec.scala[0m
2022.12.03 18:47:56 WARN  no build target for: /home/kotenoru/Personal/aoc-22/src/test/scala/aoc/HelloSpec.scala[0m
2022.12.03 18:48:01 WARN  no build target for: /home/kotenoru/Personal/aoc-22/src/test/scala/aoc/Day1Spec.scala[0m
2022.12.03 18:48:05 WARN  no build target for: /home/kotenoru/Personal/aoc-22/src/test/scala/aoc/Day1Spec.scala[0m
2022.12.03 18:50:16 WARN  no build target for: /home/kotenoru/Personal/aoc-22/src/main/scala/aoc/Day1.scala[0m
2022.12.03 18:50:55 WARN  no build target for: /home/kotenoru/Personal/aoc-22/src/main/scala/aoc/Day1.scala[0m
2022.12.03 18:50:56 WARN  no build target for: /home/kotenoru/Personal/aoc-22/src/main/scala/aoc/Day1.scala[0m
2022.12.03 18:51:01 WARN  no build target for: /home/kotenoru/Personal/aoc-22/src/main/scala/aoc/Day1.scala[0m
2022.12.03 18:51:35 WARN  no build target for: /home/kotenoru/Personal/aoc-22/src/main/scala/aoc/Day1.scala[0m
2022.12.03 18:52:37 WARN  no build target for: /home/kotenoru/Personal/aoc-22/src/main/scala/aoc/Day1.scala[0m
2022.12.03 18:52:42 WARN  no build target for: /home/kotenoru/Personal/aoc-22/src/main/scala/aoc/Day1.scala[0m
2022.12.03 18:52:51 WARN  no build target for: /home/kotenoru/Personal/aoc-22/src/main/scala/aoc/Day1.scala[0m
2022.12.03 18:52:57 INFO  running '/home/kotenoru/.sdkman/candidates/java/current/bin/java -Djline.terminal=jline.UnsupportedTerminal -Dsbt.log.noformat=true -Dfile.encoding=UTF-8 -jar /tmp/metals9678084728344542499/sbt-launch.jar -Dbloop.export-jar-classifiers=sources bloopInstall'[0m
2022.12.03 18:52:58 ERROR [info] [launcher] getting org.scala-sbt sbt 1.7.3  (this may take some time)...[0m
2022.12.03 18:52:58 WARN  no build target for: /home/kotenoru/Personal/aoc-22/project/metals.sbt[0m
2022.12.03 18:52:58 WARN  no build target for: /home/kotenoru/Personal/aoc-22/project/project/metals.sbt[0m
2022.12.03 18:52:58 INFO  skipping build import with status 'Started'[0m
2022.12.03 18:53:10 ERROR downloading https://repo1.maven.org/maven2/org/scala-sbt/sbt/1.7.3/sbt-1.7.3.jar ...[0m
2022.12.03 18:53:10 ERROR downloading https://repo1.maven.org/maven2/org/scala-sbt/main_2.12/1.7.3/main_2.12-1.7.3.jar ...[0m
2022.12.03 18:53:10 ERROR downloading https://repo1.maven.org/maven2/org/scala-sbt/collections_2.12/1.7.3/collections_2.12-1.7.3.jar ...[0m
2022.12.03 18:53:10 ERROR downloading https://repo1.maven.org/maven2/org/scala-sbt/scripted-plugin_2.12/1.7.3/scripted-plugin_2.12-1.7.3.jar ...[0m
2022.12.03 18:53:10 ERROR downloading https://repo1.maven.org/maven2/org/scala-sbt/actions_2.12/1.7.3/actions_2.12-1.7.3.jar ...[0m
2022.12.03 18:53:10 ERROR downloading https://repo1.maven.org/maven2/org/scala-sbt/main-settings_2.12/1.7.3/main-settings_2.12-1.7.3.jar ...[0m
2022.12.03 18:53:10 ERROR downloading https://repo1.maven.org/maven2/org/scala-sbt/run_2.12/1.7.3/run_2.12-1.7.3.jar ...[0m
2022.12.03 18:53:10 ERROR downloading https://repo1.maven.org/maven2/org/scala-sbt/command_2.12/1.7.3/command_2.12-1.7.3.jar ...[0m
2022.12.03 18:53:10 ERROR downloading https://repo1.maven.org/maven2/org/scala-sbt/zinc-lm-integration_2.12/1.7.3/zinc-lm-integration_2.12-1.7.3.jar ...[0m
2022.12.03 18:53:10 ERROR downloading https://repo1.maven.org/maven2/org/scala-sbt/logic_2.12/1.7.3/logic_2.12-1.7.3.jar ...[0m
2022.12.03 18:53:10 ERROR :: loading settings :: url = jar:file:/tmp/metals9678084728344542499/sbt-launch.jar!/org/apache/ivy/core/settings/ivysettings.xml[0m
2022.12.03 18:53:10 ERROR :: loading settings :: url = jar:file:/tmp/metals9678084728344542499/sbt-launch.jar!/org/apache/ivy/core/settings/ivysettings.xml[0m
2022.12.03 18:53:10 ERROR :: loading settings :: url = jar:file:/tmp/metals9678084728344542499/sbt-launch.jar!/org/apache/ivy/core/settings/ivysettings.xml[0m
2022.12.03 18:53:10 ERROR :: loading settings :: url = jar:file:/tmp/metals9678084728344542499/sbt-launch.jar!/org/apache/ivy/core/settings/ivysettings.xml[0m
2022.12.03 18:53:10 ERROR :: loading settings :: url = jar:file:/tmp/metals9678084728344542499/sbt-launch.jar!/org/apache/ivy/core/settings/ivysettings.xml[0m
2022.12.03 18:53:10 ERROR :: loading settings :: url = jar:file:/tmp/metals9678084728344542499/sbt-launch.jar!/org/apache/ivy/core/settings/ivysettings.xml[0m
2022.12.03 18:53:10 ERROR :: loading settings :: url = jar:file:/tmp/metals9678084728344542499/sbt-launch.jar!/org/apache/ivy/core/settings/ivysettings.xml[0m
2022.12.03 18:53:10 ERROR :: loading settings :: url = jar:file:/tmp/metals9678084728344542499/sbt-launch.jar!/org/apache/ivy/core/settings/ivysettings.xml[0m
2022.12.03 18:53:10 ERROR :: loading settings :: url = jar:file:/tmp/metals9678084728344542499/sbt-launch.jar!/org/apache/ivy/core/settings/ivysettings.xml[0m
2022.12.03 18:53:10 ERROR :: loading settings :: url = jar:file:/tmp/metals9678084728344542499/sbt-launch.jar!/org/apache/ivy/core/settings/ivysettings.xml[0m
2022.12.03 18:53:10 ERROR :: loading settings :: url = jar:file:/tmp/metals9678084728344542499/sbt-launch.jar!/org/apache/ivy/core/settings/ivysettings.xml[0m
2022.12.03 18:53:10 ERROR :: loading settings :: url = jar:file:/tmp/metals9678084728344542499/sbt-launch.jar!/org/apache/ivy/core/settings/ivysettings.xml[0m
2022.12.03 18:53:10 ERROR downloading https://repo1.maven.org/maven2/org/scala-sbt/util-logging_2.12/1.7.3/util-logging_2.12-1.7.3.jar ...[0m
2022.12.03 18:53:10 ERROR downloading https://repo1.maven.org/maven2/org/scala-sbt/launcher-interface/1.4.1/launcher-interface-1.4.1.jar ...[0m
2022.12.03 18:53:10 ERROR 	[SUCCESSFUL ] org.scala-sbt#scripted-plugin_2.12;1.7.3!scripted-plugin_2.12.jar (282ms)[0m
2022.12.03 18:53:10 ERROR 	[SUCCESSFUL ] org.scala-sbt#launcher-interface;1.4.1!launcher-interface.jar (193ms)[0m
2022.12.03 18:53:10 ERROR downloading https://repo1.maven.org/maven2/io/get-coursier/lm-coursier-shaded_2.12/2.0.12/lm-coursier-shaded_2.12-2.0.12.jar ...[0m
2022.12.03 18:53:10 ERROR downloading https://repo1.maven.org/maven2/org/scala-sbt/librarymanagement-core_2.12/1.7.1/librarymanagement-core_2.12-1.7.1.jar ...[0m
2022.12.03 18:53:10 ERROR 	[SUCCESSFUL ] org.scala-sbt#sbt;1.7.3!sbt.jar (308ms)[0m
2022.12.03 18:53:10 ERROR 	[SUCCESSFUL ] org.scala-sbt#logic_2.12;1.7.3!logic_2.12.jar (293ms)[0m
2022.12.03 18:53:10 ERROR downloading https://repo1.maven.org/maven2/org/scala-sbt/librarymanagement-ivy_2.12/1.7.1/librarymanagement-ivy_2.12-1.7.1.jar ...[0m
2022.12.03 18:53:10 ERROR downloading https://repo1.maven.org/maven2/org/scala-sbt/compiler-interface/1.7.2/compiler-interface-1.7.2.jar ...[0m
2022.12.03 18:53:10 ERROR 	[SUCCESSFUL ] org.scala-sbt#actions_2.12;1.7.3!actions_2.12.jar (362ms)[0m
2022.12.03 18:53:10 ERROR downloading https://repo1.maven.org/maven2/org/scala-sbt/zinc-compile_2.12/1.7.2/zinc-compile_2.12-1.7.2.jar ...[0m
2022.12.03 18:53:10 ERROR 	[SUCCESSFUL ] org.scala-sbt#command_2.12;1.7.3!command_2.12.jar (366ms)[0m
2022.12.03 18:53:10 ERROR downloading https://repo1.maven.org/maven2/org/scala-sbt/util-relation_2.12/1.7.3/util-relation_2.12-1.7.3.jar ...[0m
2022.12.03 18:53:10 ERROR 	[SUCCESSFUL ] org.scala-sbt#util-logging_2.12;1.7.3!util-logging_2.12.jar (308ms)[0m
2022.12.03 18:53:10 ERROR downloading https://repo1.maven.org/maven2/org/scala-sbt/util-position_2.12/1.7.3/util-position_2.12-1.7.3.jar ...[0m
2022.12.03 18:53:10 ERROR 	[SUCCESSFUL ] org.scala-sbt#main-settings_2.12;1.7.3!main-settings_2.12.jar (386ms)[0m
2022.12.03 18:53:10 ERROR downloading https://repo1.maven.org/maven2/org/scala-sbt/completion_2.12/1.7.3/completion_2.12-1.7.3.jar ...[0m
2022.12.03 18:53:10 ERROR 	[SUCCESSFUL ] org.scala-sbt#collections_2.12;1.7.3!collections_2.12.jar (390ms)[0m
2022.12.03 18:53:10 ERROR downloading https://repo1.maven.org/maven2/org/scala-sbt/task-system_2.12/1.7.3/task-system_2.12-1.7.3.jar ...[0m
2022.12.03 18:53:10 ERROR 	[SUCCESSFUL ] org.scala-sbt#run_2.12;1.7.3!run_2.12.jar (397ms)[0m
2022.12.03 18:53:10 ERROR 	[SUCCESSFUL ] org.scala-sbt#zinc-lm-integration_2.12;1.7.3!zinc-lm-integration_2.12.jar (384ms)[0m
2022.12.03 18:53:10 ERROR downloading https://repo1.maven.org/maven2/org/scala-sbt/tasks_2.12/1.7.3/tasks_2.12-1.7.3.jar ...[0m
2022.12.03 18:53:10 ERROR downloading https://repo1.maven.org/maven2/org/scala-sbt/testing_2.12/1.7.3/testing_2.12-1.7.3.jar ...[0m
2022.12.03 18:53:10 ERROR 	[SUCCESSFUL ] org.scala-sbt#librarymanagement-ivy_2.12;1.7.1!librarymanagement-ivy_2.12.jar (157ms)[0m
2022.12.03 18:53:10 ERROR downloading https://repo1.maven.org/maven2/org/scala-sbt/util-tracking_2.12/1.7.3/util-tracking_2.12-1.7.3.jar ...[0m
2022.12.03 18:53:10 ERROR 	[SUCCESSFUL ] org.scala-sbt#compiler-interface;1.7.2!compiler-interface.jar (160ms)[0m
2022.12.03 18:53:10 ERROR 	[SUCCESSFUL ] org.scala-sbt#main_2.12;1.7.3!main_2.12.jar (470ms)[0m
2022.12.03 18:53:10 ERROR downloading https://repo1.maven.org/maven2/org/scala-sbt/zinc-classpath_2.12/1.7.2/zinc-classpath_2.12-1.7.2.jar ...[0m
2022.12.03 18:53:10 ERROR downloading https://repo1.maven.org/maven2/org/scala-sbt/zinc-apiinfo_2.12/1.7.2/zinc-apiinfo_2.12-1.7.2.jar ...[0m
2022.12.03 18:53:10 ERROR 	[SUCCESSFUL ] org.scala-sbt#zinc-compile_2.12;1.7.2!zinc-compile_2.12.jar (117ms)[0m
2022.12.03 18:53:10 ERROR downloading https://repo1.maven.org/maven2/org/scala-sbt/zinc_2.12/1.7.2/zinc_2.12-1.7.2.jar ...[0m
2022.12.03 18:53:10 ERROR 	[SUCCESSFUL ] org.scala-sbt#util-relation_2.12;1.7.3!util-relation_2.12.jar (150ms)[0m
2022.12.03 18:53:10 ERROR downloading https://repo1.maven.org/maven2/org/scala-sbt/util-control_2.12/1.7.3/util-control_2.12-1.7.3.jar ...[0m
2022.12.03 18:53:10 ERROR 	[SUCCESSFUL ] org.scala-sbt#librarymanagement-core_2.12;1.7.1!librarymanagement-core_2.12.jar (238ms)[0m
2022.12.03 18:53:10 ERROR downloading https://repo1.maven.org/maven2/org/scala-sbt/util-interface/1.7.3/util-interface-1.7.3.jar ...[0m
2022.12.03 18:53:10 ERROR 	[SUCCESSFUL ] org.scala-sbt#util-position_2.12;1.7.3!util-position_2.12.jar (164ms)[0m
2022.12.03 18:53:10 ERROR 	[SUCCESSFUL ] org.scala-sbt#testing_2.12;1.7.3!testing_2.12.jar (153ms)[0m
2022.12.03 18:53:10 ERROR downloading https://repo1.maven.org/maven2/org/scala-sbt/core-macros_2.12/1.7.3/core-macros_2.12-1.7.3.jar ...[0m
2022.12.03 18:53:10 ERROR 	[SUCCESSFUL ] org.scala-sbt#tasks_2.12;1.7.3!tasks_2.12.jar (161ms)[0m
2022.12.03 18:53:10 ERROR downloading https://repo1.maven.org/maven2/org/scala-sbt/util-cache_2.12/1.7.3/util-cache_2.12-1.7.3.jar ...[0m
2022.12.03 18:53:10 ERROR downloading https://repo1.maven.org/maven2/org/scala-sbt/test-agent/1.7.3/test-agent-1.7.3.jar ...[0m
2022.12.03 18:53:10 ERROR 	[SUCCESSFUL ] org.scala-sbt#zinc-classpath_2.12;1.7.2!zinc-classpath_2.12.jar (150ms)[0m
2022.12.03 18:53:10 ERROR downloading https://repo1.maven.org/maven2/org/scala-sbt/compiler-bridge_2.12/1.7.2/compiler-bridge_2.12-1.7.2.jar ...[0m
2022.12.03 18:53:10 ERROR 	[SUCCESSFUL ] org.scala-sbt#task-system_2.12;1.7.3!task-system_2.12.jar (222ms)[0m
2022.12.03 18:53:10 ERROR downloading https://repo1.maven.org/maven2/org/scala-sbt/zinc-classfile_2.12/1.7.2/zinc-classfile_2.12-1.7.2.jar ...[0m
2022.12.03 18:53:10 ERROR 	[SUCCESSFUL ] org.scala-sbt#zinc_2.12;1.7.2!zinc_2.12.jar (147ms)[0m
2022.12.03 18:53:10 ERROR downloading https://repo1.maven.org/maven2/org/scala-sbt/zinc-core_2.12/1.7.2/zinc-core_2.12-1.7.2.jar ...[0m
2022.12.03 18:53:10 ERROR 	[SUCCESSFUL ] org.scala-sbt#util-control_2.12;1.7.3!util-control_2.12.jar (133ms)[0m
2022.12.03 18:53:10 ERROR downloading https://repo1.maven.org/maven2/org/scala-sbt/zinc-persist_2.12/1.7.2/zinc-persist_2.12-1.7.2.jar ...[0m
2022.12.03 18:53:10 ERROR 	[SUCCESSFUL ] org.scala-sbt#util-tracking_2.12;1.7.3!util-tracking_2.12.jar (243ms)[0m
2022.12.03 18:53:10 ERROR downloading https://repo1.maven.org/maven2/org/scala-sbt/zinc-compile-core_2.12/1.7.2/zinc-compile-core_2.12-1.7.2.jar ...[0m
2022.12.03 18:53:10 ERROR 	[SUCCESSFUL ] org.scala-sbt#core-macros_2.12;1.7.3!core-macros_2.12.jar (151ms)[0m
2022.12.03 18:53:10 ERROR downloading https://repo1.maven.org/maven2/org/scala-sbt/zinc-persist-core-assembly/1.7.2/zinc-persist-core-assembly-1.7.2.jar ...[0m
2022.12.03 18:53:10 ERROR 	[SUCCESSFUL ] org.scala-sbt#test-agent;1.7.3!test-agent.jar (162ms)[0m
2022.12.03 18:53:10 ERROR downloading https://repo1.maven.org/maven2/org/scala-sbt/protocol_2.12/1.7.3/protocol_2.12-1.7.3.jar ...[0m
2022.12.03 18:53:10 ERROR 	[SUCCESSFUL ] org.scala-sbt#zinc-classfile_2.12;1.7.2!zinc-classfile_2.12.jar (180ms)[0m
2022.12.03 18:53:10 ERROR downloading https://repo1.maven.org/maven2/org/scala-lang/modules/scala-collection-compat_2.12/2.8.1/scala-collection-compat_2.12-2.8.1.jar ...[0m
2022.12.03 18:53:10 ERROR 	[SUCCESSFUL ] org.scala-sbt#util-cache_2.12;1.7.3!util-cache_2.12.jar (241ms)[0m
2022.12.03 18:53:10 ERROR downloading https://repo1.maven.org/maven2/org/slf4j/slf4j-api/2.0.3/slf4j-api-2.0.3.jar ...[0m
2022.12.03 18:53:10 ERROR 	[SUCCESSFUL ] org.scala-sbt#completion_2.12;1.7.3!completion_2.12.jar (429ms)[0m
2022.12.03 18:53:10 ERROR 	[SUCCESSFUL ] org.scala-sbt#util-interface;1.7.3!util-interface.jar (314ms)[0m
2022.12.03 18:53:10 ERROR 	[SUCCESSFUL ] org.scala-sbt#zinc-core_2.12;1.7.2!zinc-core_2.12.jar (217ms)[0m
2022.12.03 18:53:10 ERROR 	[SUCCESSFUL ] org.scala-sbt#zinc-persist_2.12;1.7.2!zinc-persist_2.12.jar (251ms)[0m
2022.12.03 18:53:10 ERROR 	[SUCCESSFUL ] org.scala-sbt#zinc-compile-core_2.12;1.7.2!zinc-compile-core_2.12.jar (215ms)[0m
2022.12.03 18:53:10 ERROR 	[SUCCESSFUL ] org.slf4j#slf4j-api;2.0.3!slf4j-api.jar (111ms)[0m
2022.12.03 18:53:10 ERROR 	[SUCCESSFUL ] org.scala-sbt#compiler-bridge_2.12;1.7.2!compiler-bridge_2.12.jar (347ms)[0m
2022.12.03 18:53:10 ERROR 	[SUCCESSFUL ] org.scala-sbt#protocol_2.12;1.7.3!protocol_2.12.jar (243ms)[0m
2022.12.03 18:53:10 ERROR 	[SUCCESSFUL ] org.scala-lang.modules#scala-collection-compat_2.12;2.8.1!scala-collection-compat_2.12.jar (201ms)[0m
2022.12.03 18:53:11 ERROR 	[SUCCESSFUL ] org.scala-sbt#zinc-apiinfo_2.12;1.7.2!zinc-apiinfo_2.12.jar (572ms)[0m
2022.12.03 18:53:11 ERROR 	[SUCCESSFUL ] io.get-coursier#lm-coursier-shaded_2.12;2.0.12!lm-coursier-shaded_2.12.jar (752ms)[0m
2022.12.03 18:53:11 ERROR 	[SUCCESSFUL ] org.scala-sbt#zinc-persist-core-assembly;1.7.2!zinc-persist-core-assembly.jar (348ms)[0m
2022.12.03 18:53:11 ERROR :: retrieving :: org.scala-sbt#boot-app[0m
2022.12.03 18:53:11 ERROR 	confs: [default][0m
2022.12.03 18:53:11 ERROR 	81 artifacts copied, 0 already retrieved[0m
2022.12.03 18:53:13 INFO  [info] welcome to sbt 1.7.3 (Oracle Corporation Java 11.0.12)[0m
2022.12.03 18:53:15 INFO  [info] loading global plugins from /home/kotenoru/.sbt/1.0/plugins[0m
2022.12.03 18:53:22 INFO  [info] loading settings for project aoc-22-build-build from metals.sbt ...[0m
2022.12.03 18:53:22 INFO  [info] loading project definition from /home/kotenoru/Personal/aoc-22/project/project[0m
2022.12.03 18:53:24 INFO  [info] loading settings for project aoc-22-build from metals.sbt ...[0m
2022.12.03 18:53:24 INFO  [info] loading project definition from /home/kotenoru/Personal/aoc-22/project[0m
2022.12.03 18:53:26 INFO  [success] Generated .bloop/aoc-22-build.json[0m
2022.12.03 18:53:26 INFO  [info] compiling 1 Scala source to /home/kotenoru/Personal/aoc-22/project/target/scala-2.12/sbt-1.0/classes ...[0m
2022.12.03 18:53:32 INFO  [info] done compiling[0m
2022.12.03 18:53:32 INFO  [success] Total time: 8 s, completed Dec 3, 2022, 6:53:32 PM[0m
2022.12.03 18:53:34 INFO  [info] loading settings for project root from build.sbt ...[0m
2022.12.03 18:53:34 INFO  [info] set current project to aoc-22 (in build file:/home/kotenoru/Personal/aoc-22/)[0m
2022.12.03 18:53:34 INFO  [success] Generated .bloop/root-test.json[0m
2022.12.03 18:53:34 INFO  [success] Generated .bloop/root.json[0m
2022.12.03 18:53:34 INFO  [success] Total time: 0 s, completed Dec 3, 2022, 6:53:35 PM[0m
2022.12.03 18:53:36 INFO  time: ran 'sbt bloopInstall' in 38s[0m
2022.12.03 18:53:36 INFO  Attempting to connect to the build server...[0m
2022.12.03 18:53:36 INFO  Bloop uses /home/kotenoru/.sdkman/candidates/java/current defined at /home/kotenoru/.bloop/bloop.json[0m
2022.12.03 18:53:38 INFO  tracing is disabled for protocol BSP, to enable tracing of incoming and outgoing JSON messages create an empty file at /home/kotenoru/Personal/aoc-22/.metals/bsp.trace.json or /home/kotenoru/.cache/metals/bsp.trace.json[0m
2022.12.03 18:53:38 INFO  Attempting to connect to the build server...[0m
2022.12.03 18:53:38 INFO  Bloop uses /home/kotenoru/.sdkman/candidates/java/current defined at /home/kotenoru/.bloop/bloop.json[0m
2022.12.03 18:53:38 INFO  tracing is disabled for protocol BSP, to enable tracing of incoming and outgoing JSON messages create an empty file at /home/kotenoru/Personal/aoc-22/project/.metals/bsp.trace.json or /home/kotenoru/.cache/metals/bsp.trace.json[0m
2022.12.03 18:53:38 INFO  time: Connected to build server in 2.97s[0m
2022.12.03 18:53:38 INFO  Connected to Build server: Bloop v1.5.4[0m
2022.12.03 18:53:39 INFO  time: Imported build in 0.11s[0m
2022.12.03 18:53:44 INFO  time: indexed workspace in 4.81s[0m
2022.12.03 18:53:48 INFO  compiling root (1 scala source)[0m
2022.12.03 18:53:50 INFO  time: compiled root in 2.3s[0m
2022.12.03 18:53:55 INFO  compiling root (1 scala source)[0m
2022.12.03 18:53:55 INFO  time: compiled root in 0.24s[0m
Dec 03, 2022 6:54:01 PM org.eclipse.lsp4j.jsonrpc.RemoteEndpoint handleCancellation
WARNING: Unmatched cancel notification for request id 698
Dec 03, 2022 6:54:01 PM org.eclipse.lsp4j.jsonrpc.RemoteEndpoint handleCancellation
WARNING: Unmatched cancel notification for request id 699
Dec 03, 2022 6:54:01 PM org.eclipse.lsp4j.jsonrpc.RemoteEndpoint handleCancellation
WARNING: Unmatched cancel notification for request id 701
Dec 03, 2022 6:54:01 PM org.eclipse.lsp4j.jsonrpc.RemoteEndpoint handleCancellation
WARNING: Unmatched cancel notification for request id 700
Dec 03, 2022 6:54:01 PM org.eclipse.lsp4j.jsonrpc.RemoteEndpoint handleCancellation
WARNING: Unmatched cancel notification for request id 702
2022.12.03 18:54:02 INFO  compiling root (1 scala source)[0m
2022.12.03 18:54:04 INFO  time: compiled root in 2.02s[0m
2022.12.03 18:54:07 INFO  Deduplicating compilation of root from bsp client 'Metals 0.11.9' (since 28.328s)[0m
2022.12.03 18:54:07 INFO  compiling root-test (1 scala source)[0m
2022.12.03 18:54:07 INFO  time: compiled root-test in 0.3s[0m
2022.12.03 18:54:07 INFO  tracing is disabled for protocol dap-server, to enable tracing of incoming and outgoing JSON messages create an empty file at /home/kotenoru/Personal/aoc-22/.metals/dap-server.trace.json or /home/kotenoru/.cache/metals/dap-server.trace.json[0m
2022.12.03 18:54:07 INFO  tracing is disabled for protocol dap-client, to enable tracing of incoming and outgoing JSON messages create an empty file at /home/kotenoru/Personal/aoc-22/.metals/dap-client.trace.json or /home/kotenoru/.cache/metals/dap-client.trace.json[0m
2022.12.03 18:54:07 INFO  Starting debug proxy for [aoc.Calories][0m
2022.12.03 18:54:09 INFO  Trying to attach to remote debuggee VM localhost:59177 .[0m
2022.12.03 18:54:09 INFO  Attaching to debuggee VM succeeded.[0m
2022.12.03 18:54:09 ERROR Exception in thread "main" java.lang.NumberFormatException: For input string: "<iterator>"[0m
2022.12.03 18:54:09 ERROR 	at java.base/java.lang.NumberFormatException.forInputString(NumberFormatException.java:65)[0m
2022.12.03 18:54:09 ERROR 	at java.base/java.lang.Integer.parseInt(Integer.java:652)[0m
2022.12.03 18:54:09 ERROR 	at java.base/java.lang.Integer.parseInt(Integer.java:770)[0m
2022.12.03 18:54:09 ERROR 	at scala.collection.StringOps$.toInt$extension(StringOps.scala:915)[0m
2022.12.03 18:54:09 ERROR 	at aoc.Calories$.$anonfun$elvesCalories$1(Day1.scala:9)[0m
2022.12.03 18:54:09 ERROR 	at aoc.Calories$.$anonfun$elvesCalories$1$adapted(Day1.scala:9)[0m
2022.12.03 18:54:09 ERROR 	at scala.collection.ArrayOps$.map$extension(ArrayOps.scala:929)[0m
2022.12.03 18:54:09 ERROR 	at aoc.Calories$.delayedEndpoint$aoc$Calories$1(Day1.scala:9)[0m
2022.12.03 18:54:09 ERROR 	at aoc.Calories$delayedInit$body.apply(Day1.scala:5)[0m
2022.12.03 18:54:09 ERROR 	at scala.Function0.apply$mcV$sp(Function0.scala:39)[0m
2022.12.03 18:54:09 ERROR 	at scala.Function0.apply$mcV$sp$(Function0.scala:39)[0m
2022.12.03 18:54:09 ERROR 	at scala.runtime.AbstractFunction0.apply$mcV$sp(AbstractFunction0.scala:17)[0m
2022.12.03 18:54:09 ERROR 	at scala.App.$anonfun$main$1(App.scala:76)[0m
2022.12.03 18:54:09 ERROR 	at scala.App.$anonfun$main$1$adapted(App.scala:76)[0m
2022.12.03 18:54:09 ERROR 	at scala.collection.IterableOnceOps.foreach(IterableOnce.scala:563)[0m
2022.12.03 18:54:09 ERROR 	at scala.collection.IterableOnceOps.foreach$(IterableOnce.scala:561)[0m
2022.12.03 18:54:09 ERROR 	at scala.collection.AbstractIterable.foreach(Iterable.scala:926)[0m
2022.12.03 18:54:09 ERROR 	at scala.App.main(App.scala:76)[0m
2022.12.03 18:54:09 ERROR 	at scala.App.main$(App.scala:74)[0m
2022.12.03 18:54:09 ERROR 	at aoc.Calories$.main(Day1.scala:5)[0m
2022.12.03 18:54:09 ERROR 	at aoc.Calories.main(Day1.scala)[0m
2022.12.03 18:54:09 INFO  Closing debug server tcp://0.0.0.0:46433[0m
Dec 03, 2022 6:54:09 PM org.eclipse.lsp4j.jsonrpc.json.StreamMessageProducer fireError
SEVERE: java.net.SocketException: Broken pipe (Write failed)
org.eclipse.lsp4j.jsonrpc.JsonRpcException: java.net.SocketException: Broken pipe (Write failed)
	at org.eclipse.lsp4j.jsonrpc.json.StreamMessageConsumer.consume(StreamMessageConsumer.java:72)
	at scala.meta.internal.metals.debug.SocketEndpoint.consume(SocketEndpoint.scala:22)
	at scala.meta.internal.metals.debug.MessageIdAdapter.consume(MessageIdAdapter.scala:43)
	at scala.meta.internal.metals.debug.ServerAdapter.send(ServerAdapter.scala:30)
	at scala.meta.internal.metals.debug.DebugProxy.$anonfun$handleClientMessage$1(DebugProxy.scala:146)
	at scala.meta.internal.metals.debug.MessageIdAdapter.$anonfun$listen$1(MessageIdAdapter.scala:57)
	at org.eclipse.lsp4j.jsonrpc.json.StreamMessageProducer.handleMessage(StreamMessageProducer.java:194)
	at org.eclipse.lsp4j.jsonrpc.json.StreamMessageProducer.listen(StreamMessageProducer.java:94)
	at scala.meta.internal.metals.debug.SocketEndpoint.listen(SocketEndpoint.scala:26)
	at scala.meta.internal.metals.debug.MessageIdAdapter.listen(MessageIdAdapter.scala:47)
	at scala.meta.internal.metals.debug.DebugProxy.$anonfun$listenToClient$1(DebugProxy.scala:65)
	at scala.runtime.java8.JFunction0$mcV$sp.apply(JFunction0$mcV$sp.scala:18)
	at scala.concurrent.Future$.$anonfun$apply$1(Future.scala:678)
	at scala.concurrent.impl.Promise$Transformation.run(Promise.scala:467)
	at java.base/java.util.concurrent.ThreadPoolExecutor.runWorker(ThreadPoolExecutor.java:1128)
	at java.base/java.util.concurrent.ThreadPoolExecutor$Worker.run(ThreadPoolExecutor.java:628)
	at java.base/java.lang.Thread.run(Thread.java:829)
Caused by: java.net.SocketException: Broken pipe (Write failed)
	at java.base/java.net.SocketOutputStream.socketWrite0(Native Method)
	at java.base/java.net.SocketOutputStream.socketWrite(SocketOutputStream.java:110)
	at java.base/java.net.SocketOutputStream.write(SocketOutputStream.java:150)
	at java.base/java.io.BufferedOutputStream.flushBuffer(BufferedOutputStream.java:81)
	at java.base/java.io.BufferedOutputStream.flush(BufferedOutputStream.java:142)
	at org.eclipse.lsp4j.jsonrpc.json.StreamMessageConsumer.consume(StreamMessageConsumer.java:69)
	... 16 more

2022.12.03 18:54:10 INFO  Canceling debug proxy for [aoc.Calories][0m
Dec 03, 2022 6:54:10 PM org.eclipse.lsp4j.jsonrpc.json.StreamMessageProducer fireError
SEVERE: java.net.SocketException: Socket closed
org.eclipse.lsp4j.jsonrpc.JsonRpcException: java.net.SocketException: Socket closed
	at org.eclipse.lsp4j.jsonrpc.json.StreamMessageConsumer.consume(StreamMessageConsumer.java:72)
	at scala.meta.internal.metals.debug.SocketEndpoint.consume(SocketEndpoint.scala:22)
	at scala.meta.internal.metals.debug.MessageIdAdapter.consume(MessageIdAdapter.scala:43)
	at scala.meta.internal.metals.debug.DebugProxy.$anonfun$handleServerMessage$1(DebugProxy.scala:195)
	at scala.meta.internal.metals.debug.DebugProxy.$anonfun$handleServerMessage$1$adapted(DebugProxy.scala:168)
	at scala.meta.internal.metals.debug.ServerAdapter.$anonfun$onReceived$1(ServerAdapter.scala:25)
	at scala.meta.internal.metals.debug.MessageIdAdapter.$anonfun$listen$1(MessageIdAdapter.scala:57)
	at org.eclipse.lsp4j.jsonrpc.json.StreamMessageProducer.handleMessage(StreamMessageProducer.java:194)
	at org.eclipse.lsp4j.jsonrpc.json.StreamMessageProducer.listen(StreamMessageProducer.java:94)
	at scala.meta.internal.metals.debug.SocketEndpoint.listen(SocketEndpoint.scala:26)
	at scala.meta.internal.metals.debug.MessageIdAdapter.listen(MessageIdAdapter.scala:47)
	at scala.meta.internal.metals.debug.ServerAdapter.onReceived(ServerAdapter.scala:18)
	at scala.meta.internal.metals.debug.DebugProxy.$anonfun$listenToServer$1(DebugProxy.scala:69)
	at scala.runtime.java8.JFunction0$mcV$sp.apply(JFunction0$mcV$sp.scala:18)
	at scala.concurrent.Future$.$anonfun$apply$1(Future.scala:678)
	at scala.concurrent.impl.Promise$Transformation.run(Promise.scala:467)
	at java.base/java.util.concurrent.ThreadPoolExecutor.runWorker(ThreadPoolExecutor.java:1128)
	at java.base/java.util.concurrent.ThreadPoolExecutor$Worker.run(ThreadPoolExecutor.java:628)
	at java.base/java.lang.Thread.run(Thread.java:829)
Caused by: java.net.SocketException: Socket closed
	at java.base/java.net.SocketOutputStream.socketWrite(SocketOutputStream.java:113)
	at java.base/java.net.SocketOutputStream.write(SocketOutputStream.java:150)
	at java.base/java.io.BufferedOutputStream.flushBuffer(BufferedOutputStream.java:81)
	at java.base/java.io.BufferedOutputStream.flush(BufferedOutputStream.java:142)
	at org.eclipse.lsp4j.jsonrpc.json.StreamMessageConsumer.consume(StreamMessageConsumer.java:69)
	... 18 more

2022.12.03 18:54:54 INFO  compiling root (1 scala source)[0m
2022.12.03 18:54:54 INFO  time: compiled root in 0.97s[0m
2022.12.03 18:54:56 INFO  Deduplicating compilation of root from bsp client 'Metals 0.11.9' (since 1m 17.222s)[0m
2022.12.03 18:54:56 INFO  compiling root-test (1 scala source)[0m
2022.12.03 18:54:56 INFO  time: compiled root-test in 0.15s[0m
2022.12.03 18:54:56 INFO  tracing is disabled for protocol dap-server, to enable tracing of incoming and outgoing JSON messages create an empty file at /home/kotenoru/Personal/aoc-22/.metals/dap-server.trace.json or /home/kotenoru/.cache/metals/dap-server.trace.json[0m
2022.12.03 18:54:56 INFO  tracing is disabled for protocol dap-client, to enable tracing of incoming and outgoing JSON messages create an empty file at /home/kotenoru/Personal/aoc-22/.metals/dap-client.trace.json or /home/kotenoru/.cache/metals/dap-client.trace.json[0m
2022.12.03 18:54:56 INFO  Starting debug proxy for [aoc.Calories][0m
2022.12.03 18:54:57 INFO  Trying to attach to remote debuggee VM localhost:47727 .[0m
2022.12.03 18:54:57 INFO  Attaching to debuggee VM succeeded.[0m
2022.12.03 18:55:20 INFO  compiling root-test (1 scala source)[0m
2022.12.03 18:55:20 INFO  time: compiled root-test in 0.14s[0m
2022.12.03 18:55:20 INFO  compiling root-test (1 scala source)[0m
2022.12.03 18:55:22 INFO  time: compiled root-test in 0.15s[0m
2022.12.03 18:55:49 INFO  Canceling debug proxy for [aoc.Calories][0m
2022.12.03 18:55:49 INFO  Closing debug server tcp://0.0.0.0:35983[0m
2022.12.03 18:55:53 INFO  compiling root (1 scala source)[0m
2022.12.03 18:55:53 INFO  time: compiled root in 0.1s[0m
2022.12.03 18:56:58 INFO  compiling root (1 scala source)[0m
2022.12.03 18:56:58 INFO  time: compiled root in 83ms[0m
something's wrong: no file:///home/kotenoru/Personal/aoc-22/src/main/scala/aoc/Day1.scala in Iterator[<error>]RangePosition(file:///home/kotenoru/Personal/aoc-22/src/main/scala/aoc/Day1.scala, 182, 182, 200)
something's wrong: no file:///home/kotenoru/Personal/aoc-22/src/main/scala/aoc/Day1.scala in Iterator[<error>]RangePosition(file:///home/kotenoru/Personal/aoc-22/src/main/scala/aoc/Day1.scala, 182, 182, 193)
something's wrong: no file:///home/kotenoru/Personal/aoc-22/src/main/scala/aoc/Day1.scala in Iterator[<error>]RangePosition(file:///home/kotenoru/Personal/aoc-22/src/main/scala/aoc/Day1.scala, 182, 182, 194)
something's wrong: no file:///home/kotenoru/Personal/aoc-22/src/main/scala/aoc/Day1.scala in Iterator[<error>]RangePosition(file:///home/kotenoru/Personal/aoc-22/src/main/scala/aoc/Day1.scala, 182, 182, 196)
something's wrong: no file:///home/kotenoru/Personal/aoc-22/src/main/scala/aoc/Day1.scala in Iterator[String]RangePosition(file:///home/kotenoru/Personal/aoc-22/src/main/scala/aoc/Day1.scala, 182, 182, 198)
something's wrong: no file:///home/kotenoru/Personal/aoc-22/src/main/scala/aoc/Day1.scala in Iterator[String]RangePosition(file:///home/kotenoru/Personal/aoc-22/src/main/scala/aoc/Day1.scala, 182, 182, 198)
something's wrong: no file:///home/kotenoru/Personal/aoc-22/src/main/scala/aoc/Day1.scala in Iterator[String]RangePosition(file:///home/kotenoru/Personal/aoc-22/src/main/scala/aoc/Day1.scala, 182, 182, 198)
something's wrong: no file:///home/kotenoru/Personal/aoc-22/src/main/scala/aoc/Day1.scala in Seq[<error>]RangePosition(file:///home/kotenoru/Personal/aoc-22/src/main/scala/aoc/Day1.scala, 170, 170, 183)
something's wrong: no file:///home/kotenoru/Personal/aoc-22/src/main/scala/aoc/Day1.scala in Seq[<error>]RangePosition(file:///home/kotenoru/Personal/aoc-22/src/main/scala/aoc/Day1.scala, 170, 170, 176)
something's wrong: no file:///home/kotenoru/Personal/aoc-22/src/main/scala/aoc/Day1.scala in Seq[<error>]RangePosition(file:///home/kotenoru/Personal/aoc-22/src/main/scala/aoc/Day1.scala, 170, 170, 177)
something's wrong: no file:///home/kotenoru/Personal/aoc-22/src/main/scala/aoc/Day1.scala in Seq[Int]RangePosition(file:///home/kotenoru/Personal/aoc-22/src/main/scala/aoc/Day1.scala, 170, 170, 178)
something's wrong: no file:///home/kotenoru/Personal/aoc-22/src/main/scala/aoc/Day1.scala in Seq[Int]RangePosition(file:///home/kotenoru/Personal/aoc-22/src/main/scala/aoc/Day1.scala, 170, 170, 178)
something's wrong: no file:///home/kotenoru/Personal/aoc-22/src/main/scala/aoc/Day1.scala in Seq[Int]RangePosition(file:///home/kotenoru/Personal/aoc-22/src/main/scala/aoc/Day1.scala, 170, 170, 178)
2022.12.03 18:59:10 INFO  file:///home/kotenoru/Personal/aoc-22/src/main/scala/aoc/Day1.scala:9:23: stale bloop error: value split is not a member of Iterator[String]
did you mean splitAt?
  val elvesCalories = input.split("/n/n")
                      ^^^^^^^^^^^[0m
2022.12.03 18:59:10 INFO  file:///home/kotenoru/Personal/aoc-22/src/main/scala/aoc/Day1.scala:9:23: stale bloop error: value split is not a member of Iterator[String]
did you mean splitAt?
  val elvesCalories = input.split("/n/n")
                      ^^^^^^^^^^^[0m
2022.12.03 18:59:11 INFO  compiling root (1 scala source)[0m
2022.12.03 18:59:11 INFO  time: compiled root in 51ms[0m
2022.12.03 19:00:07 INFO  compiling root (1 scala source)[0m
2022.12.03 19:00:07 INFO  time: compiled root in 97ms[0m
2022.12.03 19:00:22 INFO  compiling root (1 scala source)[0m
2022.12.03 19:00:22 INFO  time: compiled root in 45ms[0m
2022.12.03 19:00:40 INFO  compiling root (1 scala source)[0m
2022.12.03 19:00:40 INFO  time: compiled root in 81ms[0m
2022.12.03 19:01:15 INFO  compiling root (1 scala source)[0m
2022.12.03 19:01:15 INFO  time: compiled root in 46ms[0m
2022.12.03 19:01:49 INFO  compiling root (1 scala source)[0m
2022.12.03 19:01:49 INFO  time: compiled root in 88ms[0m
2022.12.03 19:01:55 INFO  compiling root (1 scala source)[0m
2022.12.03 19:01:55 INFO  time: compiled root in 95ms[0m
2022.12.03 19:01:59 INFO  compiling root (1 scala source)[0m
2022.12.03 19:01:59 INFO  time: compiled root in 74ms[0m
2022.12.03 19:02:20 INFO  compiling root (1 scala source)[0m
2022.12.03 19:02:20 INFO  time: compiled root in 82ms[0m
2022.12.03 19:02:31 INFO  compiling root (1 scala source)[0m
2022.12.03 19:02:31 WARN  1 deprecation (since 2.13.3); re-run with -deprecation for details[0m
2022.12.03 19:02:31 INFO  time: compiled root in 0.69s[0m
2022.12.03 19:02:35 INFO  Deduplicating compilation of root from bsp client 'Metals 0.11.9' (since 8m 56.195s)[0m
2022.12.03 19:02:35 INFO  compiling root-test (1 scala source)[0m
2022.12.03 19:02:35 INFO  time: compiled root-test in 99ms[0m
2022.12.03 19:02:35 INFO  tracing is disabled for protocol dap-server, to enable tracing of incoming and outgoing JSON messages create an empty file at /home/kotenoru/Personal/aoc-22/.metals/dap-server.trace.json or /home/kotenoru/.cache/metals/dap-server.trace.json[0m
2022.12.03 19:02:35 INFO  tracing is disabled for protocol dap-client, to enable tracing of incoming and outgoing JSON messages create an empty file at /home/kotenoru/Personal/aoc-22/.metals/dap-client.trace.json or /home/kotenoru/.cache/metals/dap-client.trace.json[0m
2022.12.03 19:02:35 INFO  Starting debug proxy for [aoc.Calories][0m
2022.12.03 19:02:36 INFO  Trying to attach to remote debuggee VM localhost:38913 .[0m
2022.12.03 19:02:36 INFO  Attaching to debuggee VM succeeded.[0m
2022.12.03 19:02:36 ERROR Exception in thread "main" scala.MatchError: 2000 (of class java.lang.String)[0m
2022.12.03 19:02:36 ERROR 	at aoc.Calories$.loop(Day1.scala:13)[0m
2022.12.03 19:02:36 ERROR 	at aoc.Calories$.delayedEndpoint$aoc$Calories$1(Day1.scala:21)[0m
2022.12.03 19:02:36 ERROR 	at aoc.Calories$delayedInit$body.apply(Day1.scala:5)[0m
2022.12.03 19:02:36 ERROR 	at scala.Function0.apply$mcV$sp(Function0.scala:39)[0m
2022.12.03 19:02:36 ERROR 	at scala.Function0.apply$mcV$sp$(Function0.scala:39)[0m
2022.12.03 19:02:36 ERROR 	at scala.runtime.AbstractFunction0.apply$mcV$sp(AbstractFunction0.scala:17)[0m
2022.12.03 19:02:36 ERROR 	at scala.App.$anonfun$main$1(App.scala:76)[0m
2022.12.03 19:02:36 ERROR 	at scala.App.$anonfun$main$1$adapted(App.scala:76)[0m
2022.12.03 19:02:36 ERROR 	at scala.collection.IterableOnceOps.foreach(IterableOnce.scala:563)[0m
2022.12.03 19:02:36 ERROR 	at scala.collection.IterableOnceOps.foreach$(IterableOnce.scala:561)[0m
2022.12.03 19:02:36 ERROR 	at scala.collection.AbstractIterable.foreach(Iterable.scala:926)[0m
2022.12.03 19:02:36 ERROR 	at scala.App.main(App.scala:76)[0m
2022.12.03 19:02:36 ERROR 	at scala.App.main$(App.scala:74)[0m
2022.12.03 19:02:36 ERROR 	at aoc.Calories$.main(Day1.scala:5)[0m
2022.12.03 19:02:36 ERROR 	at aoc.Calories.main(Day1.scala)[0m
2022.12.03 19:02:36 INFO  Closing debug server tcp://0.0.0.0:40687[0m
2022.12.03 19:02:36 INFO  Canceling debug proxy for [aoc.Calories][0m
2022.12.03 19:05:15 INFO  compiling root (1 scala source)[0m
2022.12.03 19:05:15 WARN  1 deprecation (since 2.13.3); re-run with -deprecation for details[0m
2022.12.03 19:05:15 INFO  time: compiled root in 0.61s[0m
2022.12.03 19:05:20 INFO  Deduplicating compilation of root from bsp client 'Metals 0.11.9' (since 11m 41.532s)[0m
2022.12.03 19:05:20 INFO  compiling root-test (1 scala source)[0m
2022.12.03 19:05:20 INFO  time: compiled root-test in 0.11s[0m
2022.12.03 19:05:20 INFO  tracing is disabled for protocol dap-server, to enable tracing of incoming and outgoing JSON messages create an empty file at /home/kotenoru/Personal/aoc-22/.metals/dap-server.trace.json or /home/kotenoru/.cache/metals/dap-server.trace.json[0m
2022.12.03 19:05:20 INFO  tracing is disabled for protocol dap-client, to enable tracing of incoming and outgoing JSON messages create an empty file at /home/kotenoru/Personal/aoc-22/.metals/dap-client.trace.json or /home/kotenoru/.cache/metals/dap-client.trace.json[0m
2022.12.03 19:05:20 INFO  Starting debug proxy for [aoc.Calories][0m
2022.12.03 19:05:21 INFO  Trying to attach to remote debuggee VM localhost:52693 .[0m
2022.12.03 19:05:21 INFO  Attaching to debuggee VM succeeded.[0m
2022.12.03 19:05:21 ERROR Exception in thread "main" java.lang.NumberFormatException: For input string: ""[0m
2022.12.03 19:05:21 ERROR 	at java.base/java.lang.NumberFormatException.forInputString(NumberFormatException.java:65)[0m
2022.12.03 19:05:21 ERROR 	at java.base/java.lang.Integer.parseInt(Integer.java:662)[0m
2022.12.03 19:05:21 ERROR 	at java.base/java.lang.Integer.parseInt(Integer.java:770)[0m
2022.12.03 19:05:21 ERROR 	at scala.collection.StringOps$.toInt$extension(StringOps.scala:915)[0m
2022.12.03 19:05:21 ERROR 	at aoc.Calories$.loop(Day1.scala:15)[0m
2022.12.03 19:05:21 ERROR 	at aoc.Calories$.delayedEndpoint$aoc$Calories$1(Day1.scala:22)[0m
2022.12.03 19:05:21 ERROR 	at aoc.Calories$delayedInit$body.apply(Day1.scala:5)[0m
2022.12.03 19:05:21 ERROR 	at scala.Function0.apply$mcV$sp(Function0.scala:39)[0m
2022.12.03 19:05:21 ERROR 	at scala.Function0.apply$mcV$sp$(Function0.scala:39)[0m
2022.12.03 19:05:21 ERROR 	at scala.runtime.AbstractFunction0.apply$mcV$sp(AbstractFunction0.scala:17)[0m
2022.12.03 19:05:21 ERROR 	at scala.App.$anonfun$main$1(App.scala:76)[0m
2022.12.03 19:05:21 ERROR 	at scala.App.$anonfun$main$1$adapted(App.scala:76)[0m
2022.12.03 19:05:21 ERROR 	at scala.collection.IterableOnceOps.foreach(IterableOnce.scala:563)[0m
2022.12.03 19:05:21 ERROR 	at scala.collection.IterableOnceOps.foreach$(IterableOnce.scala:561)[0m
2022.12.03 19:05:21 ERROR 	at scala.collection.AbstractIterable.foreach(Iterable.scala:926)[0m
2022.12.03 19:05:21 ERROR 	at scala.App.main(App.scala:76)[0m
2022.12.03 19:05:21 ERROR 	at scala.App.main$(App.scala:74)[0m
2022.12.03 19:05:21 ERROR 	at aoc.Calories$.main(Day1.scala:5)[0m
2022.12.03 19:05:21 ERROR 	at aoc.Calories.main(Day1.scala)[0m
2022.12.03 19:05:21 INFO  Closing debug server tcp://0.0.0.0:32771[0m
2022.12.03 19:05:21 INFO  Canceling debug proxy for [aoc.Calories][0m
2022.12.03 19:05:53 INFO  compiling root (1 scala source)[0m
2022.12.03 19:05:53 WARN  1 deprecation (since 2.13.3); re-run with -deprecation for details[0m
2022.12.03 19:05:53 INFO  time: compiled root in 0.66s[0m
2022.12.03 19:05:55 INFO  Deduplicating compilation of root from bsp client 'Metals 0.11.9' (since 12m 16.795s)[0m
2022.12.03 19:05:55 INFO  compiling root-test (1 scala source)[0m
2022.12.03 19:05:55 INFO  time: compiled root-test in 0.14s[0m
2022.12.03 19:05:55 INFO  tracing is disabled for protocol dap-server, to enable tracing of incoming and outgoing JSON messages create an empty file at /home/kotenoru/Personal/aoc-22/.metals/dap-server.trace.json or /home/kotenoru/.cache/metals/dap-server.trace.json[0m
2022.12.03 19:05:55 INFO  tracing is disabled for protocol dap-client, to enable tracing of incoming and outgoing JSON messages create an empty file at /home/kotenoru/Personal/aoc-22/.metals/dap-client.trace.json or /home/kotenoru/.cache/metals/dap-client.trace.json[0m
2022.12.03 19:05:56 INFO  Starting debug proxy for [aoc.Calories][0m
2022.12.03 19:05:56 INFO  Trying to attach to remote debuggee VM localhost:58907 .[0m
2022.12.03 19:05:56 INFO  Attaching to debuggee VM succeeded.[0m
2022.12.03 19:05:57 INFO  Canceling debug proxy for [aoc.Calories][0m
2022.12.03 19:05:56 INFO  Closing debug server tcp://0.0.0.0:34829[0m
2022.12.03 19:06:52 INFO  compiling root (1 scala source)[0m
2022.12.03 19:06:52 INFO  time: compiled root in 93ms[0m
2022.12.03 19:06:59 INFO  compiling root (1 scala source)[0m
2022.12.03 19:06:59 INFO  time: compiled root in 98ms[0m
2022.12.03 19:07:05 INFO  compiling root (1 scala source)[0m
2022.12.03 19:07:05 WARN  1 deprecation (since 2.13.3); re-run with -deprecation for details[0m
2022.12.03 19:07:05 INFO  time: compiled root in 0.58s[0m
2022.12.03 19:07:19 INFO  compiling root (1 scala source)[0m
2022.12.03 19:07:19 WARN  1 deprecation (since 2.13.3); re-run with -deprecation for details[0m
2022.12.03 19:07:19 INFO  time: compiled root in 0.58s[0m
2022.12.03 19:07:22 INFO  Deduplicating compilation of root from bsp client 'Metals 0.11.9' (since 13m 43.639s)[0m
2022.12.03 19:07:22 INFO  compiling root-test (1 scala source)[0m
2022.12.03 19:07:22 INFO  time: compiled root-test in 0.11s[0m
2022.12.03 19:07:22 INFO  tracing is disabled for protocol dap-server, to enable tracing of incoming and outgoing JSON messages create an empty file at /home/kotenoru/Personal/aoc-22/.metals/dap-server.trace.json or /home/kotenoru/.cache/metals/dap-server.trace.json[0m
2022.12.03 19:07:22 INFO  tracing is disabled for protocol dap-client, to enable tracing of incoming and outgoing JSON messages create an empty file at /home/kotenoru/Personal/aoc-22/.metals/dap-client.trace.json or /home/kotenoru/.cache/metals/dap-client.trace.json[0m
2022.12.03 19:07:22 INFO  Starting debug proxy for [aoc.Calories][0m
2022.12.03 19:07:23 INFO  Trying to attach to remote debuggee VM localhost:57453 .[0m
2022.12.03 19:07:23 INFO  Attaching to debuggee VM succeeded.[0m
2022.12.03 19:07:23 INFO  Canceling debug proxy for [aoc.Calories][0m
2022.12.03 19:07:23 INFO  Closing debug server tcp://0.0.0.0:43923[0m
2022.12.03 19:07:35 INFO  compiling root (1 scala source)[0m
2022.12.03 19:07:35 WARN  1 deprecation (since 2.13.3); re-run with -deprecation for details[0m
2022.12.03 19:07:35 INFO  time: compiled root in 0.59s[0m
2022.12.03 19:07:38 INFO  Deduplicating compilation of root from bsp client 'Metals 0.11.9' (since 13m 59.188s)[0m
2022.12.03 19:07:38 INFO  compiling root-test (1 scala source)[0m
2022.12.03 19:07:38 INFO  time: compiled root-test in 90ms[0m
2022.12.03 19:07:38 INFO  tracing is disabled for protocol dap-server, to enable tracing of incoming and outgoing JSON messages create an empty file at /home/kotenoru/Personal/aoc-22/.metals/dap-server.trace.json or /home/kotenoru/.cache/metals/dap-server.trace.json[0m
2022.12.03 19:07:38 INFO  tracing is disabled for protocol dap-client, to enable tracing of incoming and outgoing JSON messages create an empty file at /home/kotenoru/Personal/aoc-22/.metals/dap-client.trace.json or /home/kotenoru/.cache/metals/dap-client.trace.json[0m
2022.12.03 19:07:38 INFO  Starting debug proxy for [aoc.Calories][0m
2022.12.03 19:07:39 INFO  Trying to attach to remote debuggee VM localhost:47017 .[0m
2022.12.03 19:07:39 INFO  Attaching to debuggee VM succeeded.[0m
2022.12.03 19:07:39 ERROR Exception in thread "main" java.lang.UnsupportedOperationException: empty.max[0m
2022.12.03 19:07:39 ERROR 	at scala.collection.IterableOnceOps.max(IterableOnce.scala:945)[0m
2022.12.03 19:07:39 ERROR 	at scala.collection.IterableOnceOps.max$(IterableOnce.scala:943)[0m
2022.12.03 19:07:39 ERROR 	at scala.collection.AbstractIterable.max(Iterable.scala:926)[0m
2022.12.03 19:07:39 ERROR 	at aoc.Calories$.delayedEndpoint$aoc$Calories$1(Day1.scala:23)[0m
2022.12.03 19:07:39 ERROR 	at aoc.Calories$delayedInit$body.apply(Day1.scala:5)[0m
2022.12.03 19:07:39 ERROR 	at scala.Function0.apply$mcV$sp(Function0.scala:39)[0m
2022.12.03 19:07:39 ERROR 	at scala.Function0.apply$mcV$sp$(Function0.scala:39)[0m
2022.12.03 19:07:39 ERROR 	at scala.runtime.AbstractFunction0.apply$mcV$sp(AbstractFunction0.scala:17)[0m
2022.12.03 19:07:39 ERROR 	at scala.App.$anonfun$main$1(App.scala:76)[0m
2022.12.03 19:07:39 ERROR 	at scala.App.$anonfun$main$1$adapted(App.scala:76)[0m
2022.12.03 19:07:39 ERROR 	at scala.collection.IterableOnceOps.foreach(IterableOnce.scala:563)[0m
2022.12.03 19:07:39 ERROR 	at scala.collection.IterableOnceOps.foreach$(IterableOnce.scala:561)[0m
2022.12.03 19:07:39 ERROR 	at scala.collection.AbstractIterable.foreach(Iterable.scala:926)[0m
2022.12.03 19:07:39 ERROR 	at scala.App.main(App.scala:76)[0m
2022.12.03 19:07:39 ERROR 	at scala.App.main$(App.scala:74)[0m
2022.12.03 19:07:39 ERROR 	at aoc.Calories$.main(Day1.scala:5)[0m
2022.12.03 19:07:39 ERROR 	at aoc.Calories.main(Day1.scala)[0m
2022.12.03 19:07:39 INFO  Closing debug server tcp://0.0.0.0:40801[0m
2022.12.03 19:07:39 INFO  Canceling debug proxy for [aoc.Calories][0m
something's wrong: no file:///home/kotenoru/Personal/aoc-22/src/main/scala/aoc/Day1.scala in Iterator[<error>]RangePosition(file:///home/kotenoru/Personal/aoc-22/src/main/scala/aoc/Day1.scala, 159, 159, 177)
something's wrong: no file:///home/kotenoru/Personal/aoc-22/src/main/scala/aoc/Day1.scala in Iterator[<error>]RangePosition(file:///home/kotenoru/Personal/aoc-22/src/main/scala/aoc/Day1.scala, 159, 159, 170)
something's wrong: no file:///home/kotenoru/Personal/aoc-22/src/main/scala/aoc/Day1.scala in Iterator[<error>]RangePosition(file:///home/kotenoru/Personal/aoc-22/src/main/scala/aoc/Day1.scala, 159, 159, 171)
something's wrong: no file:///home/kotenoru/Personal/aoc-22/src/main/scala/aoc/Day1.scala in Iterator[<error>]RangePosition(file:///home/kotenoru/Personal/aoc-22/src/main/scala/aoc/Day1.scala, 159, 159, 173)
something's wrong: no file:///home/kotenoru/Personal/aoc-22/src/main/scala/aoc/Day1.scala in Iterator[String]RangePosition(file:///home/kotenoru/Personal/aoc-22/src/main/scala/aoc/Day1.scala, 159, 159, 175)
something's wrong: no file:///home/kotenoru/Personal/aoc-22/src/main/scala/aoc/Day1.scala in Iterator[String]RangePosition(file:///home/kotenoru/Personal/aoc-22/src/main/scala/aoc/Day1.scala, 159, 159, 175)
something's wrong: no file:///home/kotenoru/Personal/aoc-22/src/main/scala/aoc/Day1.scala in Iterator[String]RangePosition(file:///home/kotenoru/Personal/aoc-22/src/main/scala/aoc/Day1.scala, 159, 159, 175)
2022.12.03 19:09:19 INFO  compiling root (1 scala source)[0m
2022.12.03 19:09:19 WARN  1 deprecation (since 2.13.3); re-run with -deprecation for details[0m
2022.12.03 19:09:19 INFO  time: compiled root in 0.6s[0m
2022.12.03 19:09:28 INFO  compiling root (1 scala source)[0m
2022.12.03 19:09:28 WARN  1 deprecation (since 2.13.3); re-run with -deprecation for details[0m
2022.12.03 19:09:28 INFO  time: compiled root in 0.79s[0m
Dec 03, 2022 7:09:30 PM scala.meta.internal.pc.CompilerAccess retryWithCleanCompiler
INFO: compiler crashed due to an error in the Scala compiler, retrying with new compiler instance.
2022.12.03 19:10:05 INFO  compiling root-test (1 scala source)[0m
2022.12.03 19:10:05 INFO  time: compiled root-test in 0.14s[0m
2022.12.03 19:10:31 INFO  compiling root (1 scala source)[0m
2022.12.03 19:10:31 WARN  1 deprecation (since 2.13.3); re-run with -deprecation for details[0m
2022.12.03 19:10:31 INFO  time: compiled root in 0.62s[0m
2022.12.03 19:10:33 INFO  compiling root (1 scala source)[0m
2022.12.03 19:10:33 WARN  3 deprecations (since 2.13.3); re-run with -deprecation for details[0m
2022.12.03 19:10:33 INFO  time: compiled root in 0.56s[0m
2022.12.03 19:10:36 INFO  Deduplicating compilation of root from bsp client 'Metals 0.11.9' (since 16m 57.495s)[0m
2022.12.03 19:10:36 INFO  compiling root-test (1 scala source)[0m
2022.12.03 19:10:36 INFO  time: compiled root-test in 83ms[0m
2022.12.03 19:10:36 INFO  tracing is disabled for protocol dap-server, to enable tracing of incoming and outgoing JSON messages create an empty file at /home/kotenoru/Personal/aoc-22/.metals/dap-server.trace.json or /home/kotenoru/.cache/metals/dap-server.trace.json[0m
2022.12.03 19:10:36 INFO  tracing is disabled for protocol dap-client, to enable tracing of incoming and outgoing JSON messages create an empty file at /home/kotenoru/Personal/aoc-22/.metals/dap-client.trace.json or /home/kotenoru/.cache/metals/dap-client.trace.json[0m
2022.12.03 19:10:36 INFO  Starting debug proxy for [aoc.Calories][0m
2022.12.03 19:10:37 INFO  Trying to attach to remote debuggee VM localhost:45553 .[0m
2022.12.03 19:10:37 INFO  Attaching to debuggee VM succeeded.[0m
2022.12.03 19:10:37 INFO  Canceling debug proxy for [aoc.Calories][0m
2022.12.03 19:10:37 INFO  Closing debug server tcp://0.0.0.0:46685[0m
2022.12.03 19:10:45 INFO  compiling root-test (1 scala source)[0m
2022.12.03 19:10:45 INFO  time: compiled root-test in 90ms[0m
2022.12.03 19:11:41 INFO  file:///home/kotenoru/Personal/aoc-22/src/test/scala/aoc/Day1Spec.scala:8:5: stale bloop error: not found: value Hello
    Hello.greeting shouldEqual "hello"
    ^^^^^[0m
2022.12.03 19:11:41 INFO  file:///home/kotenoru/Personal/aoc-22/src/test/scala/aoc/Day1Spec.scala:8:5: stale bloop error: not found: value Hello
    Hello.greeting shouldEqual "hello"
    ^^^^^[0m
2022.12.03 19:12:10 INFO  compiling root-test (1 scala source)[0m
2022.12.03 19:12:10 INFO  time: compiled root-test in 0.1s[0m
2022.12.03 19:12:22 INFO  compiling root-test (1 scala source)[0m
2022.12.03 19:12:22 INFO  time: compiled root-test in 0.8s[0m
2022.12.03 19:12:25 INFO  tracing is disabled for protocol dap-server, to enable tracing of incoming and outgoing JSON messages create an empty file at /home/kotenoru/Personal/aoc-22/.metals/dap-server.trace.json or /home/kotenoru/.cache/metals/dap-server.trace.json[0m
2022.12.03 19:12:25 INFO  tracing is disabled for protocol dap-client, to enable tracing of incoming and outgoing JSON messages create an empty file at /home/kotenoru/Personal/aoc-22/.metals/dap-client.trace.json or /home/kotenoru/.cache/metals/dap-client.trace.json[0m
2022.12.03 19:12:26 INFO  Starting debug proxy for [aoc.CaloriesSpec(The Calories object should find the most calories carried by an elf)][0m
2022.12.03 19:12:27 INFO  Trying to attach to remote debuggee VM localhost:43365 .[0m
2022.12.03 19:12:27 INFO  Attaching to debuggee VM succeeded.[0m
2022.12.03 19:12:28 INFO  Canceling debug proxy for [aoc.CaloriesSpec(The Calories object should find the most calories carried by an elf)][0m
2022.12.03 19:12:28 INFO  Closing debug server tcp://0.0.0.0:45013[0m
2022.12.03 19:12:51 INFO  compiling root-test (1 scala source)[0m
2022.12.03 19:12:51 INFO  time: compiled root-test in 0.67s[0m
2022.12.03 19:12:54 INFO  tracing is disabled for protocol dap-server, to enable tracing of incoming and outgoing JSON messages create an empty file at /home/kotenoru/Personal/aoc-22/.metals/dap-server.trace.json or /home/kotenoru/.cache/metals/dap-server.trace.json[0m
2022.12.03 19:12:54 INFO  tracing is disabled for protocol dap-client, to enable tracing of incoming and outgoing JSON messages create an empty file at /home/kotenoru/Personal/aoc-22/.metals/dap-client.trace.json or /home/kotenoru/.cache/metals/dap-client.trace.json[0m
2022.12.03 19:12:54 INFO  Starting debug proxy for [aoc.CaloriesSpec()][0m
2022.12.03 19:12:55 INFO  Trying to attach to remote debuggee VM localhost:40419 .[0m
2022.12.03 19:12:55 INFO  Attaching to debuggee VM succeeded.[0m
2022.12.03 19:12:56 INFO  Canceling debug proxy for [aoc.CaloriesSpec()][0m
2022.12.03 19:12:55 INFO  Closing debug server tcp://0.0.0.0:41737[0m
2022.12.03 19:13:19 INFO  compiling root-test (1 scala source)[0m
2022.12.03 19:13:19 INFO  time: compiled root-test in 0.65s[0m
2022.12.03 19:13:27 INFO  compiling root-test (1 scala source)[0m
2022.12.03 19:13:27 INFO  time: compiled root-test in 0.64s[0m
2022.12.03 19:13:28 INFO  tracing is disabled for protocol dap-server, to enable tracing of incoming and outgoing JSON messages create an empty file at /home/kotenoru/Personal/aoc-22/.metals/dap-server.trace.json or /home/kotenoru/.cache/metals/dap-server.trace.json[0m
2022.12.03 19:13:28 INFO  tracing is disabled for protocol dap-client, to enable tracing of incoming and outgoing JSON messages create an empty file at /home/kotenoru/Personal/aoc-22/.metals/dap-client.trace.json or /home/kotenoru/.cache/metals/dap-client.trace.json[0m
2022.12.03 19:13:29 INFO  Starting debug proxy for [aoc.CaloriesSpec(The Calories object should find the sum of the calories of the elf and the backups)][0m
2022.12.03 19:13:30 INFO  Trying to attach to remote debuggee VM localhost:59853 .[0m
2022.12.03 19:13:30 INFO  Attaching to debuggee VM succeeded.[0m
2022.12.03 19:13:31 INFO  Canceling debug proxy for [aoc.CaloriesSpec(The Calories object should find the sum of the calories of the elf and the backups)][0m
2022.12.03 19:13:30 INFO  Closing debug server tcp://0.0.0.0:40173[0m
Dec 03, 2022 7:13:35 PM scala.meta.internal.pc.CompletionProvider expected$1
WARNING: offset 556, count -1, length 566
2022.12.03 19:13:38 INFO  compiling root-test (1 scala source)[0m
2022.12.03 19:13:38 INFO  time: compiled root-test in 97ms[0m
2022.12.03 19:13:38 WARN  Could not load snapshot text for /home/kotenoru/Personal/aoc-22/src/test/scala/aoc/Day1Spec.scala[0m
2022.12.03 19:13:40 WARN  Could not load snapshot text for /home/kotenoru/Personal/aoc-22/src/test/scala/aoc/Day1Spec.scala[0m
2022.12.03 19:13:40 WARN  Could not load snapshot text for /home/kotenoru/Personal/aoc-22/src/test/scala/aoc/Day1Spec.scala[0m
2022.12.03 19:13:40 WARN  Could not load snapshot text for /home/kotenoru/Personal/aoc-22/src/test/scala/aoc/Day1Spec.scala[0m
2022.12.03 19:13:40 INFO  compiling root-test (1 scala source)[0m
2022.12.03 19:13:40 INFO  time: compiled root-test in 0.69s[0m
2022.12.03 19:13:41 INFO  tracing is disabled for protocol dap-server, to enable tracing of incoming and outgoing JSON messages create an empty file at /home/kotenoru/Personal/aoc-22/.metals/dap-server.trace.json or /home/kotenoru/.cache/metals/dap-server.trace.json[0m
2022.12.03 19:13:41 INFO  tracing is disabled for protocol dap-client, to enable tracing of incoming and outgoing JSON messages create an empty file at /home/kotenoru/Personal/aoc-22/.metals/dap-client.trace.json or /home/kotenoru/.cache/metals/dap-client.trace.json[0m
2022.12.03 19:13:42 INFO  Starting debug proxy for [aoc.CaloriesSpec(The Calories object should find the sum of the calories of the elf and the backups)][0m
2022.12.03 19:13:43 INFO  Trying to attach to remote debuggee VM localhost:41965 .[0m
2022.12.03 19:13:43 INFO  Attaching to debuggee VM succeeded.[0m
2022.12.03 19:13:44 INFO  Canceling debug proxy for [aoc.CaloriesSpec(The Calories object should find the sum of the calories of the elf and the backups)][0m
2022.12.03 19:13:43 INFO  Closing debug server tcp://0.0.0.0:42381[0m
Dec 03, 2022 7:14:25 PM org.eclipse.lsp4j.jsonrpc.RemoteEndpoint handleCancellation
WARNING: Unmatched cancel notification for request id 3495
2022.12.03 19:14:27 INFO  tracing is disabled for protocol dap-server, to enable tracing of incoming and outgoing JSON messages create an empty file at /home/kotenoru/Personal/aoc-22/.metals/dap-server.trace.json or /home/kotenoru/.cache/metals/dap-server.trace.json[0m
2022.12.03 19:14:27 INFO  tracing is disabled for protocol dap-client, to enable tracing of incoming and outgoing JSON messages create an empty file at /home/kotenoru/Personal/aoc-22/.metals/dap-client.trace.json or /home/kotenoru/.cache/metals/dap-client.trace.json[0m
2022.12.03 19:14:27 INFO  Starting debug proxy for [aoc.CaloriesSpec(The Calories object should find the sum of the calories of the elf and the backups)][0m
2022.12.03 19:14:29 INFO  Trying to attach to remote debuggee VM localhost:55995 .[0m
2022.12.03 19:14:29 INFO  Attaching to debuggee VM succeeded.[0m
2022.12.03 19:14:31 INFO  Canceling debug proxy for [aoc.CaloriesSpec(The Calories object should find the sum of the calories of the elf and the backups)][0m
2022.12.03 19:14:31 INFO  Closing debug server tcp://0.0.0.0:35907[0m
2022.12.03 19:14:55 INFO  compiling root-test (1 scala source)[0m
2022.12.03 19:14:55 INFO  time: compiled root-test in 0.66s[0m
2022.12.03 19:14:56 INFO  tracing is disabled for protocol dap-server, to enable tracing of incoming and outgoing JSON messages create an empty file at /home/kotenoru/Personal/aoc-22/.metals/dap-server.trace.json or /home/kotenoru/.cache/metals/dap-server.trace.json[0m
2022.12.03 19:14:56 INFO  tracing is disabled for protocol dap-client, to enable tracing of incoming and outgoing JSON messages create an empty file at /home/kotenoru/Personal/aoc-22/.metals/dap-client.trace.json or /home/kotenoru/.cache/metals/dap-client.trace.json[0m
2022.12.03 19:14:56 INFO  Starting debug proxy for [aoc.CaloriesSpec()][0m
2022.12.03 19:14:57 INFO  Trying to attach to remote debuggee VM localhost:40741 .[0m
2022.12.03 19:14:57 INFO  Attaching to debuggee VM succeeded.[0m
2022.12.03 19:14:58 INFO  Canceling debug proxy for [aoc.CaloriesSpec()][0m
2022.12.03 19:14:57 INFO  Closing debug server tcp://0.0.0.0:40275[0m
2022.12.03 19:15:04 INFO  compiling root-test (1 scala source)[0m
2022.12.03 19:15:04 INFO  time: compiled root-test in 0.59s[0m
2022.12.03 19:15:20 INFO  tracing is disabled for protocol dap-server, to enable tracing of incoming and outgoing JSON messages create an empty file at /home/kotenoru/Personal/aoc-22/.metals/dap-server.trace.json or /home/kotenoru/.cache/metals/dap-server.trace.json[0m
2022.12.03 19:15:20 INFO  tracing is disabled for protocol dap-client, to enable tracing of incoming and outgoing JSON messages create an empty file at /home/kotenoru/Personal/aoc-22/.metals/dap-client.trace.json or /home/kotenoru/.cache/metals/dap-client.trace.json[0m
2022.12.03 19:15:20 INFO  Starting debug proxy for [aoc.CaloriesSpec(The Calories object should find the sum of the calories of the elf and the backups)][0m
2022.12.03 19:15:21 INFO  Trying to attach to remote debuggee VM localhost:38777 .[0m
2022.12.03 19:15:21 INFO  Attaching to debuggee VM succeeded.[0m
2022.12.03 19:15:40 ERROR [error response][evaluate]: Cannot evaluate because of failed compilation:
illegal start of statement.[0m
2022.12.03 19:15:41 ERROR [error response][evaluate]: Cannot evaluate because of failed compilation:
missing argument list for method loop in object Calories
Unapplied methods are only converted to functions when a function type is expected.
You can make this conversion explicit by writing `loop _` or `loop(_,_,_)` instead of `loop`..[0m
2022.12.03 19:15:48 ERROR [error response][evaluate]: Cannot evaluate because of failed compilation:
identifier expected but '}' found..[0m
2022.12.03 19:16:09 INFO  Canceling debug proxy for [aoc.CaloriesSpec(The Calories object should find the sum of the calories of the elf and the backups)][0m
2022.12.03 19:16:09 ERROR Failed to initialize communication: Socket closed[0m
2022.12.03 19:16:09 INFO  Closing debug server tcp://0.0.0.0:43389[0m
2022.12.03 19:16:20 INFO  compiling root-test (1 scala source)[0m
2022.12.03 19:16:20 INFO  time: compiled root-test in 0.62s[0m
2022.12.03 19:16:23 INFO  tracing is disabled for protocol dap-server, to enable tracing of incoming and outgoing JSON messages create an empty file at /home/kotenoru/Personal/aoc-22/.metals/dap-server.trace.json or /home/kotenoru/.cache/metals/dap-server.trace.json[0m
2022.12.03 19:16:23 INFO  tracing is disabled for protocol dap-client, to enable tracing of incoming and outgoing JSON messages create an empty file at /home/kotenoru/Personal/aoc-22/.metals/dap-client.trace.json or /home/kotenoru/.cache/metals/dap-client.trace.json[0m
2022.12.03 19:16:23 INFO  Starting debug proxy for [aoc.CaloriesSpec()][0m
2022.12.03 19:16:25 INFO  Trying to attach to remote debuggee VM localhost:50945 .[0m
2022.12.03 19:16:25 INFO  Attaching to debuggee VM succeeded.[0m
2022.12.03 19:16:25 INFO  Canceling debug proxy for [aoc.CaloriesSpec()][0m
2022.12.03 19:16:25 INFO  Closing debug server tcp://0.0.0.0:43001[0m
2022.12.03 19:16:31 INFO  compiling root-test (1 scala source)[0m
2022.12.03 19:16:31 INFO  time: compiled root-test in 0.57s[0m
2022.12.03 19:16:33 INFO  tracing is disabled for protocol dap-server, to enable tracing of incoming and outgoing JSON messages create an empty file at /home/kotenoru/Personal/aoc-22/.metals/dap-server.trace.json or /home/kotenoru/.cache/metals/dap-server.trace.json[0m
2022.12.03 19:16:33 INFO  tracing is disabled for protocol dap-client, to enable tracing of incoming and outgoing JSON messages create an empty file at /home/kotenoru/Personal/aoc-22/.metals/dap-client.trace.json or /home/kotenoru/.cache/metals/dap-client.trace.json[0m
2022.12.03 19:16:33 INFO  Starting debug proxy for [aoc.CaloriesSpec()][0m
2022.12.03 19:16:34 INFO  Trying to attach to remote debuggee VM localhost:37907 .[0m
2022.12.03 19:16:34 INFO  Attaching to debuggee VM succeeded.[0m
2022.12.03 19:16:35 INFO  Canceling debug proxy for [aoc.CaloriesSpec()][0m
2022.12.03 19:16:34 INFO  Closing debug server tcp://0.0.0.0:35511[0m
2022.12.03 19:16:43 INFO  compiling root-test (1 scala source)[0m
2022.12.03 19:16:43 INFO  time: compiled root-test in 0.56s[0m
2022.12.03 19:16:57 INFO  compiling root-test (1 scala source)[0m
2022.12.03 19:16:57 INFO  time: compiled root-test in 0.57s[0m
Exception in thread "pool-4-thread-1" java.lang.InterruptedException
	at scala.meta.internal.metals.FutureCancelToken.checkCanceled(FutureCancelToken.scala:29)
	at scala.meta.internal.pc.CompilerAccess.$anonfun$onCompilerJobQueue$1(CompilerAccess.scala:195)
	at scala.meta.internal.pc.CompilerJobQueue$Job.run(CompilerJobQueue.scala:152)
	at java.base/java.util.concurrent.ThreadPoolExecutor.runWorker(ThreadPoolExecutor.java:1128)
	at java.base/java.util.concurrent.ThreadPoolExecutor$Worker.run(ThreadPoolExecutor.java:628)
	at java.base/java.lang.Thread.run(Thread.java:829)
2022.12.03 19:18:28 INFO  compiling root-test (1 scala source)[0m
2022.12.03 19:18:28 INFO  time: compiled root-test in 87ms[0m
2022.12.03 19:18:38 INFO  compiling root-test (1 scala source)[0m
2022.12.03 19:18:38 WARN  2 deprecations (since 2.13.3); re-run with -deprecation for details[0m
2022.12.03 19:18:38 INFO  time: compiled root-test in 0.54s[0m
2022.12.03 19:18:40 INFO  tracing is disabled for protocol dap-server, to enable tracing of incoming and outgoing JSON messages create an empty file at /home/kotenoru/Personal/aoc-22/.metals/dap-server.trace.json or /home/kotenoru/.cache/metals/dap-server.trace.json[0m
2022.12.03 19:18:40 INFO  tracing is disabled for protocol dap-client, to enable tracing of incoming and outgoing JSON messages create an empty file at /home/kotenoru/Personal/aoc-22/.metals/dap-client.trace.json or /home/kotenoru/.cache/metals/dap-client.trace.json[0m
2022.12.03 19:18:40 INFO  Starting debug proxy for [aoc.CaloriesSpec()][0m
2022.12.03 19:18:41 INFO  Trying to attach to remote debuggee VM localhost:56015 .[0m
2022.12.03 19:18:41 INFO  Attaching to debuggee VM succeeded.[0m
2022.12.03 19:18:42 INFO  Canceling debug proxy for [aoc.CaloriesSpec()][0m
2022.12.03 19:18:41 INFO  Closing debug server tcp://0.0.0.0:40007[0m
Dec 03, 2022 7:18:55 PM org.eclipse.lsp4j.jsonrpc.RemoteEndpoint handleCancellation
WARNING: Unmatched cancel notification for request id 3883
2022.12.03 19:18:58 INFO  compiling root-test (1 scala source)[0m
2022.12.03 19:18:58 WARN  2 deprecations (since 2.13.3); re-run with -deprecation for details[0m
2022.12.03 19:18:58 INFO  time: compiled root-test in 0.59s[0m
2022.12.03 19:19:00 INFO  tracing is disabled for protocol dap-server, to enable tracing of incoming and outgoing JSON messages create an empty file at /home/kotenoru/Personal/aoc-22/.metals/dap-server.trace.json or /home/kotenoru/.cache/metals/dap-server.trace.json[0m
2022.12.03 19:19:00 INFO  tracing is disabled for protocol dap-client, to enable tracing of incoming and outgoing JSON messages create an empty file at /home/kotenoru/Personal/aoc-22/.metals/dap-client.trace.json or /home/kotenoru/.cache/metals/dap-client.trace.json[0m
2022.12.03 19:19:01 INFO  Starting debug proxy for [aoc.CaloriesSpec()][0m
2022.12.03 19:19:02 INFO  Trying to attach to remote debuggee VM localhost:33577 .[0m
2022.12.03 19:19:02 INFO  Attaching to debuggee VM succeeded.[0m
2022.12.03 19:19:03 INFO  Canceling debug proxy for [aoc.CaloriesSpec()][0m
2022.12.03 19:19:03 INFO  Closing debug server tcp://0.0.0.0:41257[0m
2022.12.03 19:19:21 INFO  tracing is disabled for protocol dap-server, to enable tracing of incoming and outgoing JSON messages create an empty file at /home/kotenoru/Personal/aoc-22/.metals/dap-server.trace.json or /home/kotenoru/.cache/metals/dap-server.trace.json[0m
2022.12.03 19:19:21 INFO  tracing is disabled for protocol dap-client, to enable tracing of incoming and outgoing JSON messages create an empty file at /home/kotenoru/Personal/aoc-22/.metals/dap-client.trace.json or /home/kotenoru/.cache/metals/dap-client.trace.json[0m
2022.12.03 19:19:22 INFO  Starting debug proxy for [aoc.CaloriesSpec()][0m
2022.12.03 19:19:23 INFO  Trying to attach to remote debuggee VM localhost:41391 .[0m
2022.12.03 19:19:23 INFO  Attaching to debuggee VM succeeded.[0m
2022.12.03 19:19:23 INFO  Canceling debug proxy for [aoc.CaloriesSpec()][0m
2022.12.03 19:19:23 INFO  Closing debug server tcp://0.0.0.0:42855[0m
2022.12.03 19:20:16 INFO  compiling root (1 scala source)[0m
2022.12.03 19:20:16 WARN  3 deprecations (since 2.13.3); re-run with -deprecation for details[0m
2022.12.03 19:20:16 INFO  time: compiled root in 0.59s[0m
2022.12.03 19:20:18 INFO  Deduplicating compilation of root from bsp client 'Metals 0.11.9' (since 26m 39.3s)[0m
2022.12.03 19:20:18 INFO  tracing is disabled for protocol dap-server, to enable tracing of incoming and outgoing JSON messages create an empty file at /home/kotenoru/Personal/aoc-22/.metals/dap-server.trace.json or /home/kotenoru/.cache/metals/dap-server.trace.json[0m
2022.12.03 19:20:18 INFO  tracing is disabled for protocol dap-client, to enable tracing of incoming and outgoing JSON messages create an empty file at /home/kotenoru/Personal/aoc-22/.metals/dap-client.trace.json or /home/kotenoru/.cache/metals/dap-client.trace.json[0m
2022.12.03 19:20:18 INFO  Starting debug proxy for [aoc.Calories][0m
2022.12.03 19:20:18 INFO  Trying to attach to remote debuggee VM localhost:57729 .[0m
2022.12.03 19:20:18 INFO  Attaching to debuggee VM succeeded.[0m
2022.12.03 19:20:19 INFO  Canceling debug proxy for [aoc.Calories][0m
2022.12.03 19:20:19 INFO  Closing debug server tcp://0.0.0.0:45421[0m
2022.12.03 19:20:21 INFO  tracing is disabled for protocol dap-server, to enable tracing of incoming and outgoing JSON messages create an empty file at /home/kotenoru/Personal/aoc-22/.metals/dap-server.trace.json or /home/kotenoru/.cache/metals/dap-server.trace.json[0m
2022.12.03 19:20:21 INFO  tracing is disabled for protocol dap-client, to enable tracing of incoming and outgoing JSON messages create an empty file at /home/kotenoru/Personal/aoc-22/.metals/dap-client.trace.json or /home/kotenoru/.cache/metals/dap-client.trace.json[0m
2022.12.03 19:20:21 INFO  Starting debug proxy for [aoc.CaloriesSpec()][0m
2022.12.03 19:20:22 INFO  Trying to attach to remote debuggee VM localhost:52673 .[0m
2022.12.03 19:20:22 INFO  Attaching to debuggee VM succeeded.[0m
2022.12.03 19:20:23 INFO  Canceling debug proxy for [aoc.CaloriesSpec()][0m
2022.12.03 19:20:22 INFO  Closing debug server tcp://0.0.0.0:44345[0m
Dec 03, 2022 7:20:30 PM org.eclipse.lsp4j.jsonrpc.RemoteEndpoint handleCancellation
WARNING: Unmatched cancel notification for request id 3988
